{"level":"INFO","message":"[1:37:30.132 PM]: Creating new connection object"}
{"level":"INFO","message":"[1:37:30.191 PM]: Creating Connection[id: 9c8a45fd-b198-4ff5-83b3-02aec2451464] with host: your-account-name.snowflakecomputing.com, account: your-account-name, accessUrl: https://your-account-name.snowflakecomputing.com, user: your-username, password is not provided, role: your-role, database: your-database, schema: PUBLIC, warehouse: your-warehouse, region: undefined, authenticator: SNOWFLAKE_JWT, ocsp mode: FAIL_OPEN, os: darwin, os version: 22.1.0"}
{"level":"INFO","message":"[1:37:30.191 PM]: Connection[id: 9c8a45fd-b198-4ff5-83b3-02aec2451464] additional details: passcode in password is provided, passcode is not provided, private key is not provided, application: undefined, client name: snowflake-sdk, client version: 1.15.0, retry timeout: 300, private key path: undefined, private key pass is not provided, client store temporary credential: false, browser response timeout: 120000"}
{"level":"INFO","message":"[1:37:30.192 PM]: Connection[id: 9c8a45fd-b198-4ff5-83b3-02aec2451464] - connection object created successfully."}
{"level":"INFO","message":"[1:37:30.192 PM]: Connection[id: 9c8a45fd-b198-4ff5-83b3-02aec2451464] - connecting. Associated Snowflake domain: GLOBAL"}
{"level":"ERROR","message":"[1:37:30.195 PM]: Connection[id: 9c8a45fd-b198-4ff5-83b3-02aec2451464] - authentication failed. Error: Error: secretOrPrivateKey must have a value\n    at module.exports [as sign] (/Users/swyang/Documents/Poc/slack-notion-integration/node_modules/jsonwebtoken/sign.js:111:20)\n    at AuthKeypair.authenticate (/Users/swyang/Documents/Poc/slack-notion-integration/node_modules/snowflake-sdk/lib/authentication/auth_keypair.js:151:20)\n    at Connection.connect (/Users/swyang/Documents/Poc/slack-notion-integration/node_mo"}
{"level":"INFO","message":"[1:42:06.241 PM]: Creating new connection object"}
{"level":"INFO","message":"[1:45:52.746 PM]: Creating new connection object"}
{"level":"INFO","message":"[1:45:52.796 PM]: Creating Connection[id: b9ad0d9f-0ce2-4dd1-94d9-196a69593482] with host: NEXON-DS.snowflakecomputing.com, account: NEXON-DS, accessUrl: https://NEXON-DS.snowflakecomputing.com, user: SWYANG@NEXON.CO.KR, password is not provided, role: EXPERT_USER, database: NXLOG, schema: PUBLIC, warehouse: DEFAULT_WAREHOUSE, region: undefined, authenticator: SNOWFLAKE_JWT, ocsp mode: FAIL_OPEN, os: darwin, os version: 22.1.0"}
{"level":"INFO","message":"[1:45:52.796 PM]: Connection[id: b9ad0d9f-0ce2-4dd1-94d9-196a69593482] additional details: passcode in password is provided, passcode is not provided, private key is not provided, application: undefined, client name: snowflake-sdk, client version: 1.15.0, retry timeout: 300, private key path: undefined, private key pass is not provided, client store temporary credential: false, browser response timeout: 120000"}
{"level":"INFO","message":"[1:45:52.797 PM]: Connection[id: b9ad0d9f-0ce2-4dd1-94d9-196a69593482] - connection object created successfully."}
{"level":"INFO","message":"[1:45:52.797 PM]: Connection[id: b9ad0d9f-0ce2-4dd1-94d9-196a69593482] - connecting. Associated Snowflake domain: GLOBAL"}
{"level":"ERROR","message":"[1:45:52.799 PM]: Connection[id: b9ad0d9f-0ce2-4dd1-94d9-196a69593482] - authentication failed. Error: Error: secretOrPrivateKey must have a value\n    at module.exports [as sign] (/Users/swyang/Documents/Poc/slack-notion-integration/node_modules/jsonwebtoken/sign.js:111:20)\n    at AuthKeypair.authenticate (/Users/swyang/Documents/Poc/slack-notion-integration/node_modules/snowflake-sdk/lib/authentication/auth_keypair.js:151:20)\n    at Connection.connect (/Users/swyang/Documents/Poc/slack-notion-integration/node_mo"}
{"level":"INFO","message":"[1:49:36.209 PM]: Creating new connection object"}
{"level":"INFO","message":"[1:56:39.853 PM]: Creating new connection object"}
{"level":"INFO","message":"[1:56:39.931 PM]: Creating Connection[id: ccaac860-ade9-45d9-b1f1-4c43508688d7] with host: NEXON-DS.snowflakecomputing.com, account: NEXON-DS, accessUrl: https://NEXON-DS.snowflakecomputing.com, user: SWYANG@NEXON.CO.KR, password is not provided, role: EXPERT_USER, database: NXLOG, schema: PUBLIC, warehouse: DEFAULT_WAREHOUSE, region: undefined, authenticator: SNOWFLAKE_JWT, ocsp mode: FAIL_OPEN, os: darwin, os version: 22.1.0"}
{"level":"INFO","message":"[1:56:39.932 PM]: Connection[id: ccaac860-ade9-45d9-b1f1-4c43508688d7] additional details: passcode in password is provided, passcode is not provided, private key is provided, application: undefined, client name: snowflake-sdk, client version: 1.15.0, retry timeout: 300, private key path: undefined, private key pass is not provided, client store temporary credential: false, browser response timeout: 120000"}
{"level":"INFO","message":"[1:56:39.932 PM]: Connection[id: ccaac860-ade9-45d9-b1f1-4c43508688d7] - connection object created successfully."}
{"level":"INFO","message":"[1:56:39.933 PM]: Connection[id: ccaac860-ade9-45d9-b1f1-4c43508688d7] - connecting. Associated Snowflake domain: GLOBAL"}
{"level":"INFO","message":"[1:56:39.939 PM]: Connection[id: ccaac860-ade9-45d9-b1f1-4c43508688d7] - authentication successful using: SNOWFLAKE_JWT"}
{"level":"INFO","message":"[1:56:39.940 PM]: Trying to initialize Easy Logging"}
{"level":"INFO","message":"[1:56:39.942 PM]: No client config detected."}
{"level":"INFO","message":"[1:56:39.943 PM]: No config file path found. Client config will not be used."}
{"level":"INFO","message":"[1:56:39.943 PM]: Easy Logging is disabled as no config has been found"}
{"level":"INFO","message":"[1:56:39.946 PM]: Connection[id: ccaac860-ade9-45d9-b1f1-4c43508688d7] - connected successfully after 13.401481999999987 milliseconds"}
{"level":"INFO","message":"[3:01:25.884 PM]: Creating new connection object"}
{"level":"INFO","message":"[3:01:26.319 PM]: Creating Connection[id: 8465fc08-c900-4447-a45e-994619b057b4] with host: NEXON-DS.snowflakecomputing.com, account: NEXON-DS, accessUrl: https://NEXON-DS.snowflakecomputing.com, user: SWYANG@NEXON.CO.KR, password is not provided, role: EXPERT_USER, database: NXLOG, schema: PUBLIC, warehouse: DEFAULT_WAREHOUSE, region: undefined, authenticator: SNOWFLAKE_JWT, ocsp mode: FAIL_OPEN, os: darwin, os version: 22.1.0"}
{"level":"INFO","message":"[3:01:26.320 PM]: Connection[id: 8465fc08-c900-4447-a45e-994619b057b4] additional details: passcode in password is provided, passcode is not provided, private key is provided, application: undefined, client name: snowflake-sdk, client version: 1.15.0, retry timeout: 300, private key path: undefined, private key pass is not provided, client store temporary credential: false, browser response timeout: 120000"}
{"level":"INFO","message":"[3:01:26.320 PM]: Connection[id: 8465fc08-c900-4447-a45e-994619b057b4] - connection object created successfully."}
{"level":"INFO","message":"[3:01:26.321 PM]: Connection[id: 8465fc08-c900-4447-a45e-994619b057b4] - connecting. Associated Snowflake domain: GLOBAL"}
{"level":"INFO","message":"[3:01:26.331 PM]: Connection[id: 8465fc08-c900-4447-a45e-994619b057b4] - authentication successful using: SNOWFLAKE_JWT"}
{"level":"INFO","message":"[3:01:26.332 PM]: Trying to initialize Easy Logging"}
{"level":"INFO","message":"[3:01:26.336 PM]: No client config detected."}
{"level":"INFO","message":"[3:01:26.336 PM]: No config file path found. Client config will not be used."}
{"level":"INFO","message":"[3:01:26.337 PM]: Easy Logging is disabled as no config has been found"}
{"level":"INFO","message":"[3:01:26.339 PM]: Connection[id: 8465fc08-c900-4447-a45e-994619b057b4] - connected successfully after 18.4558049999996 milliseconds"}
{"level":"INFO","message":"[7:41:59.594 AM]: Creating new connection object"}
{"level":"INFO","message":"[7:42:00.033 AM]: Creating Connection[id: e97ef5bf-90fa-4aa7-9921-035a43035b61] with host: NEXON-DS.snowflakecomputing.com, account: NEXON-DS, accessUrl: https://NEXON-DS.snowflakecomputing.com, user: SWYANG@NEXON.CO.KR, password is not provided, role: EXPERT_USER, database: NXLOG, schema: PUBLIC, warehouse: DEFAULT_WAREHOUSE, region: undefined, authenticator: SNOWFLAKE_JWT, ocsp mode: FAIL_OPEN, os: darwin, os version: 22.1.0"}
{"level":"INFO","message":"[7:42:00.034 AM]: Connection[id: e97ef5bf-90fa-4aa7-9921-035a43035b61] additional details: passcode in password is provided, passcode is not provided, private key is provided, application: undefined, client name: snowflake-sdk, client version: 1.15.0, retry timeout: 300, private key path: undefined, private key pass is not provided, client store temporary credential: false, browser response timeout: 120000"}
{"level":"INFO","message":"[7:42:00.035 AM]: Connection[id: e97ef5bf-90fa-4aa7-9921-035a43035b61] - connection object created successfully."}
{"level":"INFO","message":"[7:42:00.035 AM]: Connection[id: e97ef5bf-90fa-4aa7-9921-035a43035b61] - connecting. Associated Snowflake domain: GLOBAL"}
{"level":"INFO","message":"[7:42:00.047 AM]: Connection[id: e97ef5bf-90fa-4aa7-9921-035a43035b61] - authentication successful using: SNOWFLAKE_JWT"}
{"level":"INFO","message":"[7:42:00.047 AM]: Trying to initialize Easy Logging"}
{"level":"INFO","message":"[7:42:00.050 AM]: No client config detected."}
{"level":"INFO","message":"[7:42:00.051 AM]: No config file path found. Client config will not be used."}
{"level":"INFO","message":"[7:42:00.052 AM]: Easy Logging is disabled as no config has been found"}
{"level":"INFO","message":"[7:42:00.057 AM]: Connection[id: e97ef5bf-90fa-4aa7-9921-035a43035b61] - connected successfully after 21.518646999999874 milliseconds"}
{"level":"INFO","message":"[7:47:02.642 AM]: Creating new connection object"}
{"level":"INFO","message":"[7:47:03.057 AM]: Creating Connection[id: e81f2395-a2f4-4bab-90f5-575a6f5c937c] with host: NEXON-DS.snowflakecomputing.com, account: NEXON-DS, accessUrl: https://NEXON-DS.snowflakecomputing.com, user: SWYANG@NEXON.CO.KR, password is not provided, role: EXPERT_USER, database: NXLOG, schema: PUBLIC, warehouse: DEFAULT_WAREHOUSE, region: undefined, authenticator: SNOWFLAKE_JWT, ocsp mode: FAIL_OPEN, os: darwin, os version: 22.1.0"}
{"level":"INFO","message":"[7:47:03.058 AM]: Connection[id: e81f2395-a2f4-4bab-90f5-575a6f5c937c] additional details: passcode in password is provided, passcode is not provided, private key is provided, application: undefined, client name: snowflake-sdk, client version: 1.15.0, retry timeout: 300, private key path: undefined, private key pass is not provided, client store temporary credential: false, browser response timeout: 120000"}
{"level":"INFO","message":"[7:47:03.058 AM]: Connection[id: e81f2395-a2f4-4bab-90f5-575a6f5c937c] - connection object created successfully."}
{"level":"INFO","message":"[7:47:03.058 AM]: Connection[id: e81f2395-a2f4-4bab-90f5-575a6f5c937c] - connecting. Associated Snowflake domain: GLOBAL"}
{"level":"INFO","message":"[7:47:03.066 AM]: Connection[id: e81f2395-a2f4-4bab-90f5-575a6f5c937c] - authentication successful using: SNOWFLAKE_JWT"}
{"level":"INFO","message":"[7:47:03.066 AM]: Trying to initialize Easy Logging"}
{"level":"INFO","message":"[7:47:03.068 AM]: No client config detected."}
{"level":"INFO","message":"[7:47:03.068 AM]: No config file path found. Client config will not be used."}
{"level":"INFO","message":"[7:47:03.069 AM]: Easy Logging is disabled as no config has been found"}
{"level":"INFO","message":"[7:47:03.072 AM]: Connection[id: e81f2395-a2f4-4bab-90f5-575a6f5c937c] - connected successfully after 13.985418000000209 milliseconds"}
{"level":"INFO","message":"[1:48:34.628 PM]: Creating new connection object"}
{"level":"INFO","message":"[1:48:34.743 PM]: Creating Connection[id: c644c28d-865c-4208-a90b-c9160ed08e16] with host: NEXON-DS.snowflakecomputing.com, account: NEXON-DS, accessUrl: https://NEXON-DS.snowflakecomputing.com, user: SWYANG@NEXON.CO.KR, password is not provided, role: EXPERT_USER, database: NXLOG, schema: PUBLIC, warehouse: DEFAULT_WAREHOUSE, region: undefined, authenticator: SNOWFLAKE_JWT, ocsp mode: FAIL_OPEN, os: darwin, os version: 22.1.0"}
{"level":"INFO","message":"[1:48:34.744 PM]: Connection[id: c644c28d-865c-4208-a90b-c9160ed08e16] additional details: passcode in password is provided, passcode is not provided, private key is provided, application: undefined, client name: snowflake-sdk, client version: 1.15.0, retry timeout: 300, private key path: undefined, private key pass is not provided, client store temporary credential: false, browser response timeout: 120000"}
{"level":"INFO","message":"[1:48:34.744 PM]: Connection[id: c644c28d-865c-4208-a90b-c9160ed08e16] - connection object created successfully."}
{"level":"INFO","message":"[1:48:34.745 PM]: Connection[id: c644c28d-865c-4208-a90b-c9160ed08e16] - connecting. Associated Snowflake domain: GLOBAL"}
{"level":"INFO","message":"[1:48:34.764 PM]: Connection[id: c644c28d-865c-4208-a90b-c9160ed08e16] - authentication successful using: SNOWFLAKE_JWT"}
{"level":"INFO","message":"[1:48:34.765 PM]: Trying to initialize Easy Logging"}
{"level":"INFO","message":"[1:48:34.769 PM]: No client config detected."}
{"level":"INFO","message":"[1:48:34.769 PM]: No config file path found. Client config will not be used."}
{"level":"INFO","message":"[1:48:34.770 PM]: Easy Logging is disabled as no config has been found"}
{"level":"INFO","message":"[1:48:34.776 PM]: Connection[id: c644c28d-865c-4208-a90b-c9160ed08e16] - connected successfully after 30.63891799999965 milliseconds"}
{"level":"INFO","message":"[1:51:40.926 PM]: Creating new connection object"}
{"level":"INFO","message":"[1:51:40.939 PM]: Creating Connection[id: eea9cd00-4d67-47ff-9568-ebde8b17b3f1] with host: NEXON-DS.snowflakecomputing.com, account: NEXON-DS, accessUrl: https://NEXON-DS.snowflakecomputing.com, user: SWYANG@NEXON.CO.KR, password is not provided, role: EXPERT_USER, database: NXLOG, schema: PUBLIC, warehouse: DEFAULT_WAREHOUSE, region: undefined, authenticator: SNOWFLAKE_JWT, ocsp mode: FAIL_OPEN, os: darwin, os version: 22.1.0"}
{"level":"INFO","message":"[1:51:40.940 PM]: Connection[id: eea9cd00-4d67-47ff-9568-ebde8b17b3f1] additional details: passcode in password is provided, passcode is not provided, private key is provided, application: undefined, client name: snowflake-sdk, client version: 1.15.0, retry timeout: 300, private key path: undefined, private key pass is not provided, client store temporary credential: false, browser response timeout: 120000"}
{"level":"INFO","message":"[1:51:40.940 PM]: Connection[id: eea9cd00-4d67-47ff-9568-ebde8b17b3f1] - connection object created successfully."}
{"level":"INFO","message":"[1:51:40.941 PM]: Connection[id: eea9cd00-4d67-47ff-9568-ebde8b17b3f1] - connecting. Associated Snowflake domain: GLOBAL"}
{"level":"INFO","message":"[1:51:40.948 PM]: Connection[id: eea9cd00-4d67-47ff-9568-ebde8b17b3f1] - authentication successful using: SNOWFLAKE_JWT"}
{"level":"INFO","message":"[1:51:40.948 PM]: Trying to initialize Easy Logging"}
{"level":"INFO","message":"[1:51:40.950 PM]: No client config detected."}
{"level":"INFO","message":"[1:51:40.951 PM]: No config file path found. Client config will not be used."}
{"level":"INFO","message":"[1:51:40.951 PM]: Easy Logging is disabled as no config has been found"}
{"level":"INFO","message":"[1:51:40.954 PM]: Connection[id: eea9cd00-4d67-47ff-9568-ebde8b17b3f1] - connected successfully after 13.00398599999994 milliseconds"}
{"level":"INFO","message":"[1:52:37.718 PM]: Creating new connection object"}
{"level":"INFO","message":"[1:52:37.729 PM]: Creating Connection[id: 0d5b4520-61ef-4ffe-85eb-a601643efa6e] with host: NEXON-DS.snowflakecomputing.com, account: NEXON-DS, accessUrl: https://NEXON-DS.snowflakecomputing.com, user: SWYANG@NEXON.CO.KR, password is not provided, role: EXPERT_USER, database: NXLOG, schema: PUBLIC, warehouse: DEFAULT_WAREHOUSE, region: undefined, authenticator: SNOWFLAKE_JWT, ocsp mode: FAIL_OPEN, os: darwin, os version: 22.1.0"}
{"level":"INFO","message":"[1:52:37.730 PM]: Connection[id: 0d5b4520-61ef-4ffe-85eb-a601643efa6e] additional details: passcode in password is provided, passcode is not provided, private key is provided, application: undefined, client name: snowflake-sdk, client version: 1.15.0, retry timeout: 300, private key path: undefined, private key pass is not provided, client store temporary credential: false, browser response timeout: 120000"}
{"level":"INFO","message":"[1:52:37.730 PM]: Connection[id: 0d5b4520-61ef-4ffe-85eb-a601643efa6e] - connection object created successfully."}
{"level":"INFO","message":"[1:52:37.731 PM]: Connection[id: 0d5b4520-61ef-4ffe-85eb-a601643efa6e] - connecting. Associated Snowflake domain: GLOBAL"}
{"level":"INFO","message":"[1:52:37.739 PM]: Connection[id: 0d5b4520-61ef-4ffe-85eb-a601643efa6e] - authentication successful using: SNOWFLAKE_JWT"}
{"level":"INFO","message":"[1:52:37.739 PM]: Trying to initialize Easy Logging"}
{"level":"INFO","message":"[1:52:37.741 PM]: No client config detected."}
{"level":"INFO","message":"[1:52:37.741 PM]: No config file path found. Client config will not be used."}
{"level":"INFO","message":"[1:52:37.742 PM]: Easy Logging is disabled as no config has been found"}
{"level":"INFO","message":"[1:52:37.745 PM]: Connection[id: 0d5b4520-61ef-4ffe-85eb-a601643efa6e] - connected successfully after 13.964727000000039 milliseconds"}
{"level":"INFO","message":"[1:57:11.749 PM]: Creating new connection object"}
{"level":"INFO","message":"[1:57:11.762 PM]: Creating Connection[id: cebf30b7-0f3b-4dc0-ae43-1248ddb9b67c] with host: NEXON-DS.snowflakecomputing.com, account: NEXON-DS, accessUrl: https://NEXON-DS.snowflakecomputing.com, user: SWYANG@NEXON.CO.KR, password is not provided, role: EXPERT_USER, database: NXLOG, schema: PUBLIC, warehouse: DEFAULT_WAREHOUSE, region: undefined, authenticator: SNOWFLAKE_JWT, ocsp mode: FAIL_OPEN, os: darwin, os version: 22.1.0"}
{"level":"INFO","message":"[1:57:11.762 PM]: Connection[id: cebf30b7-0f3b-4dc0-ae43-1248ddb9b67c] additional details: passcode in password is provided, passcode is not provided, private key is provided, application: undefined, client name: snowflake-sdk, client version: 1.15.0, retry timeout: 300, private key path: undefined, private key pass is not provided, client store temporary credential: false, browser response timeout: 120000"}
{"level":"INFO","message":"[1:57:11.763 PM]: Connection[id: cebf30b7-0f3b-4dc0-ae43-1248ddb9b67c] - connection object created successfully."}
{"level":"INFO","message":"[1:57:11.763 PM]: Connection[id: cebf30b7-0f3b-4dc0-ae43-1248ddb9b67c] - connecting. Associated Snowflake domain: GLOBAL"}
{"level":"INFO","message":"[1:57:11.770 PM]: Connection[id: cebf30b7-0f3b-4dc0-ae43-1248ddb9b67c] - authentication successful using: SNOWFLAKE_JWT"}
{"level":"INFO","message":"[1:57:11.771 PM]: Trying to initialize Easy Logging"}
{"level":"INFO","message":"[1:57:11.773 PM]: No client config detected."}
{"level":"INFO","message":"[1:57:11.773 PM]: No config file path found. Client config will not be used."}
{"level":"INFO","message":"[1:57:11.774 PM]: Easy Logging is disabled as no config has been found"}
{"level":"INFO","message":"[1:57:11.776 PM]: Connection[id: cebf30b7-0f3b-4dc0-ae43-1248ddb9b67c] - connected successfully after 12.932587999999896 milliseconds"}
{"level":"INFO","message":"[2:00:47.383 PM]: Creating new connection object"}
{"level":"INFO","message":"[2:00:47.443 PM]: Creating Connection[id: e8f87d96-ef1b-4f13-9322-9c686f92bd16] with host: NEXON-DS.snowflakecomputing.com, account: NEXON-DS, accessUrl: https://NEXON-DS.snowflakecomputing.com, user: SWYANG@NEXON.CO.KR, password is not provided, role: EXPERT_USER, database: NXLOG, schema: PUBLIC, warehouse: DEFAULT_WAREHOUSE, region: undefined, authenticator: SNOWFLAKE_JWT, ocsp mode: FAIL_OPEN, os: darwin, os version: 22.1.0"}
{"level":"INFO","message":"[2:00:47.443 PM]: Connection[id: e8f87d96-ef1b-4f13-9322-9c686f92bd16] additional details: passcode in password is provided, passcode is not provided, private key is provided, application: undefined, client name: snowflake-sdk, client version: 1.15.0, retry timeout: 300, private key path: undefined, private key pass is not provided, client store temporary credential: false, browser response timeout: 120000"}
{"level":"INFO","message":"[2:00:47.444 PM]: Connection[id: e8f87d96-ef1b-4f13-9322-9c686f92bd16] - connection object created successfully."}
{"level":"INFO","message":"[2:00:47.444 PM]: Connection[id: e8f87d96-ef1b-4f13-9322-9c686f92bd16] - connecting. Associated Snowflake domain: GLOBAL"}
{"level":"INFO","message":"[2:00:47.452 PM]: Connection[id: e8f87d96-ef1b-4f13-9322-9c686f92bd16] - authentication successful using: SNOWFLAKE_JWT"}
{"level":"INFO","message":"[2:00:47.453 PM]: Trying to initialize Easy Logging"}
{"level":"INFO","message":"[2:00:47.455 PM]: No client config detected."}
{"level":"INFO","message":"[2:00:47.456 PM]: No config file path found. Client config will not be used."}
{"level":"INFO","message":"[2:00:47.456 PM]: Easy Logging is disabled as no config has been found"}
{"level":"INFO","message":"[2:00:47.459 PM]: Connection[id: e8f87d96-ef1b-4f13-9322-9c686f92bd16] - connected successfully after 14.760780999999952 milliseconds"}
{"level":"INFO","message":"[2:03:02.590 PM]: Creating new connection object"}
{"level":"INFO","message":"[2:03:02.612 PM]: Creating Connection[id: 19de8718-737e-4204-9be6-7fe7d8560bcd] with host: NEXON-DS.snowflakecomputing.com, account: NEXON-DS, accessUrl: https://NEXON-DS.snowflakecomputing.com, user: SWYANG@NEXON.CO.KR, password is not provided, role: EXPERT_USER, database: NXLOG, schema: PUBLIC, warehouse: DEFAULT_WAREHOUSE, region: undefined, authenticator: SNOWFLAKE_JWT, ocsp mode: FAIL_OPEN, os: darwin, os version: 22.1.0"}
{"level":"INFO","message":"[2:03:02.613 PM]: Connection[id: 19de8718-737e-4204-9be6-7fe7d8560bcd] additional details: passcode in password is provided, passcode is not provided, private key is provided, application: undefined, client name: snowflake-sdk, client version: 1.15.0, retry timeout: 300, private key path: undefined, private key pass is not provided, client store temporary credential: false, browser response timeout: 120000"}
{"level":"INFO","message":"[2:03:02.614 PM]: Connection[id: 19de8718-737e-4204-9be6-7fe7d8560bcd] - connection object created successfully."}
{"level":"INFO","message":"[2:03:02.615 PM]: Connection[id: 19de8718-737e-4204-9be6-7fe7d8560bcd] - connecting. Associated Snowflake domain: GLOBAL"}
{"level":"INFO","message":"[2:03:02.626 PM]: Connection[id: 19de8718-737e-4204-9be6-7fe7d8560bcd] - authentication successful using: SNOWFLAKE_JWT"}
{"level":"INFO","message":"[2:03:02.626 PM]: Trying to initialize Easy Logging"}
{"level":"INFO","message":"[2:03:02.629 PM]: No client config detected."}
{"level":"INFO","message":"[2:03:02.630 PM]: No config file path found. Client config will not be used."}
{"level":"INFO","message":"[2:03:02.630 PM]: Easy Logging is disabled as no config has been found"}
{"level":"INFO","message":"[2:03:02.633 PM]: Connection[id: 19de8718-737e-4204-9be6-7fe7d8560bcd] - connected successfully after 18.777116000000206 milliseconds"}
{"level":"INFO","message":"[2:07:36.529 PM]: Creating new connection object"}
{"level":"INFO","message":"[2:07:36.543 PM]: Creating Connection[id: 4f62d2eb-73e6-4152-9120-92341027d895] with host: NEXON-DS.snowflakecomputing.com, account: NEXON-DS, accessUrl: https://NEXON-DS.snowflakecomputing.com, user: SWYANG@NEXON.CO.KR, password is not provided, role: EXPERT_USER, database: NXLOG, schema: PUBLIC, warehouse: DEFAULT_WAREHOUSE, region: undefined, authenticator: SNOWFLAKE_JWT, ocsp mode: FAIL_OPEN, os: darwin, os version: 22.1.0"}
{"level":"INFO","message":"[2:07:36.543 PM]: Connection[id: 4f62d2eb-73e6-4152-9120-92341027d895] additional details: passcode in password is provided, passcode is not provided, private key is provided, application: undefined, client name: snowflake-sdk, client version: 1.15.0, retry timeout: 300, private key path: undefined, private key pass is not provided, client store temporary credential: false, browser response timeout: 120000"}
{"level":"INFO","message":"[2:07:36.543 PM]: Connection[id: 4f62d2eb-73e6-4152-9120-92341027d895] - connection object created successfully."}
{"level":"INFO","message":"[2:07:36.544 PM]: Connection[id: 4f62d2eb-73e6-4152-9120-92341027d895] - connecting. Associated Snowflake domain: GLOBAL"}
{"level":"INFO","message":"[2:07:36.551 PM]: Connection[id: 4f62d2eb-73e6-4152-9120-92341027d895] - authentication successful using: SNOWFLAKE_JWT"}
{"level":"INFO","message":"[2:07:36.551 PM]: Trying to initialize Easy Logging"}
{"level":"INFO","message":"[2:07:36.554 PM]: No client config detected."}
{"level":"INFO","message":"[2:07:36.554 PM]: No config file path found. Client config will not be used."}
{"level":"INFO","message":"[2:07:36.554 PM]: Easy Logging is disabled as no config has been found"}
{"level":"INFO","message":"[2:07:36.557 PM]: Connection[id: 4f62d2eb-73e6-4152-9120-92341027d895] - connected successfully after 13.04422599999998 milliseconds"}
{"level":"INFO","message":"[3:27:18.904 PM]: Creating new connection object"}
{"level":"INFO","message":"[3:27:18.966 PM]: Creating Connection[id: e17d7703-caeb-46d1-90e1-20b7251bd6fc] with host: NEXON-DS.snowflakecomputing.com, account: NEXON-DS, accessUrl: https://NEXON-DS.snowflakecomputing.com, user: SWYANG@NEXON.CO.KR, password is not provided, role: EXPERT_USER, database: NXLOG, schema: PUBLIC, warehouse: DEFAULT_WAREHOUSE, region: undefined, authenticator: SNOWFLAKE_JWT, ocsp mode: FAIL_OPEN, os: darwin, os version: 22.1.0"}
{"level":"INFO","message":"[3:27:18.967 PM]: Connection[id: e17d7703-caeb-46d1-90e1-20b7251bd6fc] additional details: passcode in password is provided, passcode is not provided, private key is provided, application: undefined, client name: snowflake-sdk, client version: 1.15.0, retry timeout: 300, private key path: undefined, private key pass is not provided, client store temporary credential: false, browser response timeout: 120000"}
{"level":"INFO","message":"[3:27:18.967 PM]: Connection[id: e17d7703-caeb-46d1-90e1-20b7251bd6fc] - connection object created successfully."}
{"level":"INFO","message":"[3:27:18.968 PM]: Connection[id: e17d7703-caeb-46d1-90e1-20b7251bd6fc] - connecting. Associated Snowflake domain: GLOBAL"}
{"level":"INFO","message":"[3:27:18.981 PM]: Connection[id: e17d7703-caeb-46d1-90e1-20b7251bd6fc] - authentication successful using: SNOWFLAKE_JWT"}
{"level":"INFO","message":"[3:27:18.981 PM]: Trying to initialize Easy Logging"}
{"level":"INFO","message":"[3:27:18.984 PM]: No client config detected."}
{"level":"INFO","message":"[3:27:18.985 PM]: No config file path found. Client config will not be used."}
{"level":"INFO","message":"[3:27:18.985 PM]: Easy Logging is disabled as no config has been found"}
{"level":"INFO","message":"[3:27:18.989 PM]: Connection[id: e17d7703-caeb-46d1-90e1-20b7251bd6fc] - connected successfully after 20.907047000000603 milliseconds"}
{"level":"INFO","message":"[3:34:34.280 PM]: Creating new connection object"}
{"level":"INFO","message":"[3:34:34.335 PM]: Creating Connection[id: 188ac8d4-1ef8-42c9-98e2-92e9aad10f89] with host: NEXON-DS.snowflakecomputing.com, account: NEXON-DS, accessUrl: https://NEXON-DS.snowflakecomputing.com, user: SWYANG@NEXON.CO.KR, password is not provided, role: EXPERT_USER, database: NXLOG, schema: PUBLIC, warehouse: DEFAULT_WAREHOUSE, region: undefined, authenticator: SNOWFLAKE_JWT, ocsp mode: FAIL_OPEN, os: darwin, os version: 22.1.0"}
{"level":"INFO","message":"[3:34:34.336 PM]: Connection[id: 188ac8d4-1ef8-42c9-98e2-92e9aad10f89] additional details: passcode in password is provided, passcode is not provided, private key is provided, application: undefined, client name: snowflake-sdk, client version: 1.15.0, retry timeout: 300, private key path: undefined, private key pass is not provided, client store temporary credential: false, browser response timeout: 120000"}
{"level":"INFO","message":"[3:34:34.336 PM]: Connection[id: 188ac8d4-1ef8-42c9-98e2-92e9aad10f89] - connection object created successfully."}
{"level":"INFO","message":"[3:34:34.337 PM]: Connection[id: 188ac8d4-1ef8-42c9-98e2-92e9aad10f89] - connecting. Associated Snowflake domain: GLOBAL"}
{"level":"INFO","message":"[3:34:34.345 PM]: Connection[id: 188ac8d4-1ef8-42c9-98e2-92e9aad10f89] - authentication successful using: SNOWFLAKE_JWT"}
{"level":"INFO","message":"[3:34:34.345 PM]: Trying to initialize Easy Logging"}
{"level":"INFO","message":"[3:34:34.347 PM]: No client config detected."}
{"level":"INFO","message":"[3:34:34.348 PM]: No config file path found. Client config will not be used."}
{"level":"INFO","message":"[3:34:34.348 PM]: Easy Logging is disabled as no config has been found"}
{"level":"INFO","message":"[3:34:34.351 PM]: Connection[id: 188ac8d4-1ef8-42c9-98e2-92e9aad10f89] - connected successfully after 14.32717700000103 milliseconds"}
{"level":"INFO","message":"[3:38:31.509 PM]: Creating new connection object"}
{"level":"INFO","message":"[3:38:31.523 PM]: Creating Connection[id: e41440e8-5f64-457b-b4e4-4655ad53e917] with host: NEXON-DS.snowflakecomputing.com, account: NEXON-DS, accessUrl: https://NEXON-DS.snowflakecomputing.com, user: SWYANG@NEXON.CO.KR, password is not provided, role: EXPERT_USER, database: NXLOG, schema: PUBLIC, warehouse: DEFAULT_WAREHOUSE, region: undefined, authenticator: SNOWFLAKE_JWT, ocsp mode: FAIL_OPEN, os: darwin, os version: 22.1.0"}
{"level":"INFO","message":"[3:38:31.523 PM]: Connection[id: e41440e8-5f64-457b-b4e4-4655ad53e917] additional details: passcode in password is provided, passcode is not provided, private key is provided, application: undefined, client name: snowflake-sdk, client version: 1.15.0, retry timeout: 300, private key path: undefined, private key pass is not provided, client store temporary credential: false, browser response timeout: 120000"}
{"level":"INFO","message":"[3:38:31.524 PM]: Connection[id: e41440e8-5f64-457b-b4e4-4655ad53e917] - connection object created successfully."}
{"level":"INFO","message":"[3:38:31.524 PM]: Connection[id: e41440e8-5f64-457b-b4e4-4655ad53e917] - connecting. Associated Snowflake domain: GLOBAL"}
{"level":"INFO","message":"[3:38:31.532 PM]: Connection[id: e41440e8-5f64-457b-b4e4-4655ad53e917] - authentication successful using: SNOWFLAKE_JWT"}
{"level":"INFO","message":"[3:38:31.533 PM]: Trying to initialize Easy Logging"}
{"level":"INFO","message":"[3:38:31.535 PM]: No client config detected."}
{"level":"INFO","message":"[3:38:31.536 PM]: No config file path found. Client config will not be used."}
{"level":"INFO","message":"[3:38:31.536 PM]: Easy Logging is disabled as no config has been found"}
{"level":"INFO","message":"[3:38:31.539 PM]: Connection[id: e41440e8-5f64-457b-b4e4-4655ad53e917] - connected successfully after 14.598631000000069 milliseconds"}
{"level":"INFO","message":"[3:46:58.005 PM]: Creating new connection object"}
{"level":"INFO","message":"[3:46:58.057 PM]: Creating Connection[id: 925abb4a-bee1-432e-8666-5a78edfaabdb] with host: NEXON-DS.snowflakecomputing.com, account: NEXON-DS, accessUrl: https://NEXON-DS.snowflakecomputing.com, user: SWYANG@NEXON.CO.KR, password is not provided, role: EXPERT_USER, database: NXLOG, schema: PUBLIC, warehouse: DEFAULT_WAREHOUSE, region: undefined, authenticator: SNOWFLAKE_JWT, ocsp mode: FAIL_OPEN, os: darwin, os version: 22.1.0"}
{"level":"INFO","message":"[3:46:58.058 PM]: Connection[id: 925abb4a-bee1-432e-8666-5a78edfaabdb] additional details: passcode in password is provided, passcode is not provided, private key is provided, application: undefined, client name: snowflake-sdk, client version: 1.15.0, retry timeout: 300, private key path: undefined, private key pass is not provided, client store temporary credential: false, browser response timeout: 120000"}
{"level":"INFO","message":"[3:46:58.058 PM]: Connection[id: 925abb4a-bee1-432e-8666-5a78edfaabdb] - connection object created successfully."}
{"level":"INFO","message":"[3:46:58.058 PM]: Connection[id: 925abb4a-bee1-432e-8666-5a78edfaabdb] - connecting. Associated Snowflake domain: GLOBAL"}
{"level":"INFO","message":"[3:46:58.066 PM]: Connection[id: 925abb4a-bee1-432e-8666-5a78edfaabdb] - authentication successful using: SNOWFLAKE_JWT"}
{"level":"INFO","message":"[3:46:58.066 PM]: Trying to initialize Easy Logging"}
{"level":"INFO","message":"[3:46:58.069 PM]: No client config detected."}
{"level":"INFO","message":"[3:46:58.069 PM]: No config file path found. Client config will not be used."}
{"level":"INFO","message":"[3:46:58.070 PM]: Easy Logging is disabled as no config has been found"}
{"level":"INFO","message":"[3:46:58.073 PM]: Connection[id: 925abb4a-bee1-432e-8666-5a78edfaabdb] - connected successfully after 14.225265000000036 milliseconds"}
{"level":"INFO","message":"[3:50:51.020 PM]: Creating new connection object"}
{"level":"INFO","message":"[3:50:51.044 PM]: Creating Connection[id: 04cb4ef1-011f-4deb-92b6-94b58792a958] with host: NEXON-DS.snowflakecomputing.com, account: NEXON-DS, accessUrl: https://NEXON-DS.snowflakecomputing.com, user: SWYANG@NEXON.CO.KR, password is not provided, role: EXPERT_USER, database: NXLOG, schema: PUBLIC, warehouse: DEFAULT_WAREHOUSE, region: undefined, authenticator: SNOWFLAKE_JWT, ocsp mode: FAIL_OPEN, os: darwin, os version: 22.1.0"}
{"level":"INFO","message":"[3:50:51.045 PM]: Connection[id: 04cb4ef1-011f-4deb-92b6-94b58792a958] additional details: passcode in password is provided, passcode is not provided, private key is provided, application: undefined, client name: snowflake-sdk, client version: 1.15.0, retry timeout: 300, private key path: undefined, private key pass is not provided, client store temporary credential: false, browser response timeout: 120000"}
{"level":"INFO","message":"[3:50:51.046 PM]: Connection[id: 04cb4ef1-011f-4deb-92b6-94b58792a958] - connection object created successfully."}
{"level":"INFO","message":"[3:50:51.047 PM]: Connection[id: 04cb4ef1-011f-4deb-92b6-94b58792a958] - connecting. Associated Snowflake domain: GLOBAL"}
{"level":"INFO","message":"[3:50:51.059 PM]: Connection[id: 04cb4ef1-011f-4deb-92b6-94b58792a958] - authentication successful using: SNOWFLAKE_JWT"}
{"level":"INFO","message":"[3:50:51.060 PM]: Trying to initialize Easy Logging"}
{"level":"INFO","message":"[3:50:51.064 PM]: No client config detected."}
{"level":"INFO","message":"[3:50:51.065 PM]: No config file path found. Client config will not be used."}
{"level":"INFO","message":"[3:50:51.065 PM]: Easy Logging is disabled as no config has been found"}
{"level":"INFO","message":"[3:50:51.069 PM]: Connection[id: 04cb4ef1-011f-4deb-92b6-94b58792a958] - connected successfully after 22.44981699999994 milliseconds"}
{"level":"INFO","message":"[11:40:41.330 AM]: Creating new connection object"}
{"level":"INFO","message":"[11:40:41.818 AM]: Creating Connection[id: d053fefd-58e0-4ed7-a398-4a8def49c5b7] with host: NEXON-DS.snowflakecomputing.com, account: NEXON-DS, accessUrl: https://NEXON-DS.snowflakecomputing.com, user: SWYANG@NEXON.CO.KR, password is not provided, role: EXPERT_USER, database: NXLOG, schema: PUBLIC, warehouse: DEFAULT_WAREHOUSE, region: undefined, authenticator: SNOWFLAKE_JWT, ocsp mode: FAIL_OPEN, os: darwin, os version: 22.1.0"}
{"level":"INFO","message":"[11:40:41.818 AM]: Connection[id: d053fefd-58e0-4ed7-a398-4a8def49c5b7] additional details: passcode in password is provided, passcode is not provided, private key is provided, application: undefined, client name: snowflake-sdk, client version: 1.15.0, retry timeout: 300, private key path: undefined, private key pass is not provided, client store temporary credential: false, browser response timeout: 120000"}
{"level":"INFO","message":"[11:40:41.818 AM]: Connection[id: d053fefd-58e0-4ed7-a398-4a8def49c5b7] - connection object created successfully."}
{"level":"INFO","message":"[11:40:41.819 AM]: Connection[id: d053fefd-58e0-4ed7-a398-4a8def49c5b7] - connecting. Associated Snowflake domain: GLOBAL"}
{"level":"INFO","message":"[11:40:41.824 AM]: Connection[id: d053fefd-58e0-4ed7-a398-4a8def49c5b7] - authentication successful using: SNOWFLAKE_JWT"}
{"level":"INFO","message":"[11:40:41.824 AM]: Trying to initialize Easy Logging"}
{"level":"INFO","message":"[11:40:41.826 AM]: No client config detected."}
{"level":"INFO","message":"[11:40:41.826 AM]: No config file path found. Client config will not be used."}
{"level":"INFO","message":"[11:40:41.827 AM]: Easy Logging is disabled as no config has been found"}
{"level":"INFO","message":"[11:40:41.829 AM]: Connection[id: d053fefd-58e0-4ed7-a398-4a8def49c5b7] - connected successfully after 9.904719000000114 milliseconds"}
{"level":"INFO","message":"[2:15:44.410 PM]: Creating new connection object"}
{"level":"INFO","message":"[2:15:44.846 PM]: Creating Connection[id: 1024e2b0-285b-417c-80cf-7b33261564c9] with host: NEXON-DS.snowflakecomputing.com, account: NEXON-DS, accessUrl: https://NEXON-DS.snowflakecomputing.com, user: SWYANG@NEXON.CO.KR, password is not provided, role: EXPERT_USER, database: NXLOG, schema: PUBLIC, warehouse: DEFAULT_WAREHOUSE, region: undefined, authenticator: SNOWFLAKE_JWT, ocsp mode: FAIL_OPEN, os: darwin, os version: 22.1.0"}
{"level":"INFO","message":"[2:15:44.847 PM]: Connection[id: 1024e2b0-285b-417c-80cf-7b33261564c9] additional details: passcode in password is provided, passcode is not provided, private key is provided, application: undefined, client name: snowflake-sdk, client version: 1.15.0, retry timeout: 300, private key path: undefined, private key pass is not provided, client store temporary credential: false, browser response timeout: 120000"}
{"level":"INFO","message":"[2:15:44.847 PM]: Connection[id: 1024e2b0-285b-417c-80cf-7b33261564c9] - connection object created successfully."}
{"level":"INFO","message":"[2:15:44.847 PM]: Connection[id: 1024e2b0-285b-417c-80cf-7b33261564c9] - connecting. Associated Snowflake domain: GLOBAL"}
{"level":"INFO","message":"[2:15:44.852 PM]: Connection[id: 1024e2b0-285b-417c-80cf-7b33261564c9] - authentication successful using: SNOWFLAKE_JWT"}
{"level":"INFO","message":"[2:15:44.853 PM]: Trying to initialize Easy Logging"}
{"level":"INFO","message":"[2:15:44.857 PM]: No client config detected."}
{"level":"INFO","message":"[2:15:44.857 PM]: No config file path found. Client config will not be used."}
{"level":"INFO","message":"[2:15:44.858 PM]: Easy Logging is disabled as no config has been found"}
{"level":"INFO","message":"[2:15:44.860 PM]: Connection[id: 1024e2b0-285b-417c-80cf-7b33261564c9] - connected successfully after 13.05603199999996 milliseconds"}
{"level":"INFO","message":"[2:18:32.314 PM]: Creating new connection object"}
{"level":"INFO","message":"[2:18:32.389 PM]: Creating Connection[id: 428ef9f7-49bc-43ac-8c2b-ac5ada5850af] with host: NEXON-DS.snowflakecomputing.com, account: NEXON-DS, accessUrl: https://NEXON-DS.snowflakecomputing.com, user: SWYANG@NEXON.CO.KR, password is not provided, role: EXPERT_USER, database: NXLOG, schema: PUBLIC, warehouse: DEFAULT_WAREHOUSE, region: undefined, authenticator: SNOWFLAKE_JWT, ocsp mode: FAIL_OPEN, os: darwin, os version: 22.1.0"}
{"level":"INFO","message":"[2:18:32.390 PM]: Connection[id: 428ef9f7-49bc-43ac-8c2b-ac5ada5850af] additional details: passcode in password is provided, passcode is not provided, private key is provided, application: undefined, client name: snowflake-sdk, client version: 1.15.0, retry timeout: 300, private key path: undefined, private key pass is not provided, client store temporary credential: false, browser response timeout: 120000"}
{"level":"INFO","message":"[2:18:32.390 PM]: Connection[id: 428ef9f7-49bc-43ac-8c2b-ac5ada5850af] - connection object created successfully."}
{"level":"INFO","message":"[2:18:32.391 PM]: Connection[id: 428ef9f7-49bc-43ac-8c2b-ac5ada5850af] - connecting. Associated Snowflake domain: GLOBAL"}
{"level":"INFO","message":"[2:18:32.396 PM]: Connection[id: 428ef9f7-49bc-43ac-8c2b-ac5ada5850af] - authentication successful using: SNOWFLAKE_JWT"}
{"level":"INFO","message":"[2:18:32.396 PM]: Trying to initialize Easy Logging"}
{"level":"INFO","message":"[2:18:32.399 PM]: No client config detected."}
{"level":"INFO","message":"[2:18:32.399 PM]: No config file path found. Client config will not be used."}
{"level":"INFO","message":"[2:18:32.399 PM]: Easy Logging is disabled as no config has been found"}
{"level":"INFO","message":"[2:18:32.402 PM]: Connection[id: 428ef9f7-49bc-43ac-8c2b-ac5ada5850af] - connected successfully after 11.540715000000091 milliseconds"}
{"level":"INFO","message":"[5:08:14.586 PM]: Creating new connection object"}
{"level":"INFO","message":"[5:08:15.361 PM]: Creating Connection[id: 196e56fe-2d12-472b-a914-23bbed67e194] with host: NEXON-DS.snowflakecomputing.com, account: NEXON-DS, accessUrl: https://NEXON-DS.snowflakecomputing.com, user: SWYANG@NEXON.CO.KR, password is not provided, role: EXPERT_USER, database: NXLOG, schema: PUBLIC, warehouse: DEFAULT_WAREHOUSE, region: undefined, authenticator: SNOWFLAKE_JWT, ocsp mode: FAIL_OPEN, os: darwin, os version: 22.1.0"}
{"level":"INFO","message":"[5:08:15.362 PM]: Connection[id: 196e56fe-2d12-472b-a914-23bbed67e194] additional details: passcode in password is provided, passcode is not provided, private key is provided, application: undefined, client name: snowflake-sdk, client version: 1.15.0, retry timeout: 300, private key path: undefined, private key pass is not provided, client store temporary credential: false, browser response timeout: 120000"}
{"level":"INFO","message":"[5:08:15.362 PM]: Connection[id: 196e56fe-2d12-472b-a914-23bbed67e194] - connection object created successfully."}
{"level":"INFO","message":"[5:08:15.362 PM]: Connection[id: 196e56fe-2d12-472b-a914-23bbed67e194] - connecting. Associated Snowflake domain: GLOBAL"}
{"level":"INFO","message":"[5:08:15.367 PM]: Connection[id: 196e56fe-2d12-472b-a914-23bbed67e194] - authentication successful using: SNOWFLAKE_JWT"}
{"level":"INFO","message":"[5:08:15.368 PM]: Trying to initialize Easy Logging"}
{"level":"INFO","message":"[5:08:15.371 PM]: No client config detected."}
{"level":"INFO","message":"[5:08:15.371 PM]: No config file path found. Client config will not be used."}
{"level":"INFO","message":"[5:08:15.372 PM]: Easy Logging is disabled as no config has been found"}
{"level":"INFO","message":"[5:08:15.375 PM]: Connection[id: 196e56fe-2d12-472b-a914-23bbed67e194] - connected successfully after 12.470319000000018 milliseconds"}
{"level":"INFO","message":"[10:21:25.605 AM]: Creating new connection object"}
{"level":"INFO","message":"[10:21:26.088 AM]: Creating Connection[id: df26b462-1f8b-486f-b42d-7b523fa0470a] with host: NEXON-DS.snowflakecomputing.com, account: NEXON-DS, accessUrl: https://NEXON-DS.snowflakecomputing.com, user: SWYANG@NEXON.CO.KR, password is not provided, role: EXPERT_USER, database: NXLOG, schema: PUBLIC, warehouse: DEFAULT_WAREHOUSE, region: undefined, authenticator: SNOWFLAKE_JWT, ocsp mode: FAIL_OPEN, os: darwin, os version: 22.1.0"}
{"level":"INFO","message":"[10:21:26.088 AM]: Connection[id: df26b462-1f8b-486f-b42d-7b523fa0470a] additional details: passcode in password is provided, passcode is not provided, private key is provided, application: undefined, client name: snowflake-sdk, client version: 1.15.0, retry timeout: 300, private key path: undefined, private key pass is not provided, client store temporary credential: false, browser response timeout: 120000"}
{"level":"INFO","message":"[10:21:26.089 AM]: Connection[id: df26b462-1f8b-486f-b42d-7b523fa0470a] - connection object created successfully."}
{"level":"INFO","message":"[10:21:26.089 AM]: Connection[id: df26b462-1f8b-486f-b42d-7b523fa0470a] - connecting. Associated Snowflake domain: GLOBAL"}
{"level":"INFO","message":"[10:21:26.094 AM]: Connection[id: df26b462-1f8b-486f-b42d-7b523fa0470a] - authentication successful using: SNOWFLAKE_JWT"}
{"level":"INFO","message":"[10:21:26.095 AM]: Trying to initialize Easy Logging"}
{"level":"INFO","message":"[10:21:26.098 AM]: No client config detected."}
{"level":"INFO","message":"[10:21:26.098 AM]: No config file path found. Client config will not be used."}
{"level":"INFO","message":"[10:21:26.099 AM]: Easy Logging is disabled as no config has been found"}
{"level":"INFO","message":"[10:21:26.102 AM]: Connection[id: df26b462-1f8b-486f-b42d-7b523fa0470a] - connected successfully after 12.888122000033036 milliseconds"}
{"level":"INFO","message":"[2:20:22.156 PM]: Creating new connection object"}
{"level":"INFO","message":"[2:20:22.644 PM]: Creating Connection[id: 39c1a958-72ce-4283-8112-256669f4e32a] with host: NEXON-DS.snowflakecomputing.com, account: NEXON-DS, accessUrl: https://NEXON-DS.snowflakecomputing.com, user: SWYANG@NEXON.CO.KR, password is not provided, role: EXPERT_USER, database: NXLOG, schema: PUBLIC, warehouse: DEFAULT_WAREHOUSE, region: undefined, authenticator: SNOWFLAKE_JWT, ocsp mode: FAIL_OPEN, os: darwin, os version: 22.1.0"}
{"level":"INFO","message":"[2:20:22.645 PM]: Connection[id: 39c1a958-72ce-4283-8112-256669f4e32a] additional details: passcode in password is provided, passcode is not provided, private key is provided, application: undefined, client name: snowflake-sdk, client version: 1.15.0, retry timeout: 300, private key path: undefined, private key pass is not provided, client store temporary credential: false, browser response timeout: 120000"}
{"level":"INFO","message":"[2:20:22.645 PM]: Connection[id: 39c1a958-72ce-4283-8112-256669f4e32a] - connection object created successfully."}
{"level":"INFO","message":"[2:20:22.645 PM]: Connection[id: 39c1a958-72ce-4283-8112-256669f4e32a] - connecting. Associated Snowflake domain: GLOBAL"}
{"level":"INFO","message":"[2:20:22.650 PM]: Connection[id: 39c1a958-72ce-4283-8112-256669f4e32a] - authentication successful using: SNOWFLAKE_JWT"}
{"level":"INFO","message":"[2:20:22.650 PM]: Trying to initialize Easy Logging"}
{"level":"INFO","message":"[2:20:22.652 PM]: No client config detected."}
{"level":"INFO","message":"[2:20:22.653 PM]: No config file path found. Client config will not be used."}
{"level":"INFO","message":"[2:20:22.653 PM]: Easy Logging is disabled as no config has been found"}
{"level":"INFO","message":"[2:20:22.656 PM]: Connection[id: 39c1a958-72ce-4283-8112-256669f4e32a] - connected successfully after 10.434500999981537 milliseconds"}
{"level":"INFO","message":"[3:11:21.126 PM]: Creating new connection object"}
{"level":"INFO","message":"[3:11:26.838 PM]: Creating Connection[id: 8602152c-593e-4eef-88fc-030bd7569350] with host: NEXON-DS.snowflakecomputing.com, account: NEXON-DS, accessUrl: https://NEXON-DS.snowflakecomputing.com, user: SWYANG@NEXON.CO.KR, password is not provided, role: EXPERT_USER, database: NXLOG, schema: PUBLIC, warehouse: DEFAULT_WAREHOUSE, region: undefined, authenticator: SNOWFLAKE_JWT, ocsp mode: FAIL_OPEN, os: darwin, os version: 22.1.0"}
{"level":"INFO","message":"[3:11:26.838 PM]: Connection[id: 8602152c-593e-4eef-88fc-030bd7569350] additional details: passcode in password is provided, passcode is not provided, private key is provided, application: undefined, client name: snowflake-sdk, client version: 1.15.0, retry timeout: 300, private key path: undefined, private key pass is not provided, client store temporary credential: false, browser response timeout: 120000"}
{"level":"INFO","message":"[3:11:26.839 PM]: Connection[id: 8602152c-593e-4eef-88fc-030bd7569350] - connection object created successfully."}
{"level":"INFO","message":"[3:11:26.839 PM]: Connection[id: 8602152c-593e-4eef-88fc-030bd7569350] - connecting. Associated Snowflake domain: GLOBAL"}
{"level":"INFO","message":"[3:11:26.845 PM]: Connection[id: 8602152c-593e-4eef-88fc-030bd7569350] - authentication successful using: SNOWFLAKE_JWT"}
{"level":"INFO","message":"[3:11:26.845 PM]: Trying to initialize Easy Logging"}
{"level":"INFO","message":"[3:11:26.848 PM]: No client config detected."}
{"level":"INFO","message":"[3:11:26.849 PM]: No config file path found. Client config will not be used."}
{"level":"INFO","message":"[3:11:26.849 PM]: Easy Logging is disabled as no config has been found"}
{"level":"INFO","message":"[3:11:26.852 PM]: Connection[id: 8602152c-593e-4eef-88fc-030bd7569350] - connected successfully after 12.507448000018485 milliseconds"}
{"level":"INFO","message":"[3:38:23.808 PM]: Creating new connection object"}
{"level":"INFO","message":"[3:38:24.836 PM]: Creating Connection[id: 5f5c6c92-fec8-4c92-b52f-d131c0d621dc] with host: NEXON-DS.snowflakecomputing.com, account: NEXON-DS, accessUrl: https://NEXON-DS.snowflakecomputing.com, user: SWYANG@NEXON.CO.KR, password is not provided, role: EXPERT_USER, database: NXLOG, schema: PUBLIC, warehouse: DEFAULT_WAREHOUSE, region: undefined, authenticator: SNOWFLAKE_JWT, ocsp mode: FAIL_OPEN, os: darwin, os version: 22.1.0"}
{"level":"INFO","message":"[3:38:24.837 PM]: Connection[id: 5f5c6c92-fec8-4c92-b52f-d131c0d621dc] additional details: passcode in password is provided, passcode is not provided, private key is provided, application: undefined, client name: snowflake-sdk, client version: 1.15.0, retry timeout: 300, private key path: undefined, private key pass is not provided, client store temporary credential: false, browser response timeout: 120000"}
{"level":"INFO","message":"[3:38:24.837 PM]: Connection[id: 5f5c6c92-fec8-4c92-b52f-d131c0d621dc] - connection object created successfully."}
{"level":"INFO","message":"[3:38:24.838 PM]: Connection[id: 5f5c6c92-fec8-4c92-b52f-d131c0d621dc] - connecting. Associated Snowflake domain: GLOBAL"}
{"level":"INFO","message":"[3:38:24.844 PM]: Connection[id: 5f5c6c92-fec8-4c92-b52f-d131c0d621dc] - authentication successful using: SNOWFLAKE_JWT"}
{"level":"INFO","message":"[3:38:24.844 PM]: Trying to initialize Easy Logging"}
{"level":"INFO","message":"[3:38:24.848 PM]: No client config detected."}
{"level":"INFO","message":"[3:38:24.849 PM]: No config file path found. Client config will not be used."}
{"level":"INFO","message":"[3:38:24.849 PM]: Easy Logging is disabled as no config has been found"}
{"level":"INFO","message":"[3:38:24.852 PM]: Connection[id: 5f5c6c92-fec8-4c92-b52f-d131c0d621dc] - connected successfully after 14.190926000010222 milliseconds"}
{"level":"INFO","message":"[3:57:58.459 PM]: Creating new connection object"}
{"level":"INFO","message":"[3:57:59.464 PM]: Creating Connection[id: 3481f8a3-0db7-4575-a39f-4660a3f56685] with host: NEXON-DS.snowflakecomputing.com, account: NEXON-DS, accessUrl: https://NEXON-DS.snowflakecomputing.com, user: SWYANG@NEXON.CO.KR, password is not provided, role: EXPERT_USER, database: NXLOG, schema: PUBLIC, warehouse: DEFAULT_WAREHOUSE, region: undefined, authenticator: SNOWFLAKE_JWT, ocsp mode: FAIL_OPEN, os: darwin, os version: 22.1.0"}
{"level":"INFO","message":"[3:57:59.465 PM]: Connection[id: 3481f8a3-0db7-4575-a39f-4660a3f56685] additional details: passcode in password is provided, passcode is not provided, private key is provided, application: undefined, client name: snowflake-sdk, client version: 1.15.0, retry timeout: 300, private key path: undefined, private key pass is not provided, client store temporary credential: false, browser response timeout: 120000"}
{"level":"INFO","message":"[3:57:59.465 PM]: Connection[id: 3481f8a3-0db7-4575-a39f-4660a3f56685] - connection object created successfully."}
{"level":"INFO","message":"[3:57:59.465 PM]: Connection[id: 3481f8a3-0db7-4575-a39f-4660a3f56685] - connecting. Associated Snowflake domain: GLOBAL"}
{"level":"INFO","message":"[3:57:59.470 PM]: Connection[id: 3481f8a3-0db7-4575-a39f-4660a3f56685] - authentication successful using: SNOWFLAKE_JWT"}
{"level":"INFO","message":"[3:57:59.471 PM]: Trying to initialize Easy Logging"}
{"level":"INFO","message":"[3:57:59.472 PM]: No client config detected."}
{"level":"INFO","message":"[3:57:59.473 PM]: No config file path found. Client config will not be used."}
{"level":"INFO","message":"[3:57:59.473 PM]: Easy Logging is disabled as no config has been found"}
{"level":"INFO","message":"[3:57:59.476 PM]: Connection[id: 3481f8a3-0db7-4575-a39f-4660a3f56685] - connected successfully after 10.30273400000442 milliseconds"}
{"level":"INFO","message":"[4:05:25.318 PM]: Creating new connection object"}
{"level":"INFO","message":"[4:05:26.974 PM]: Creating Connection[id: 572ef9e9-ffb1-44fa-9760-c995f7e51f55] with host: NEXON-DS.snowflakecomputing.com, account: NEXON-DS, accessUrl: https://NEXON-DS.snowflakecomputing.com, user: SWYANG@NEXON.CO.KR, password is not provided, role: EXPERT_USER, database: NXLOG, schema: PUBLIC, warehouse: DEFAULT_WAREHOUSE, region: undefined, authenticator: SNOWFLAKE_JWT, ocsp mode: FAIL_OPEN, os: darwin, os version: 22.1.0"}
{"level":"INFO","message":"[4:05:26.975 PM]: Connection[id: 572ef9e9-ffb1-44fa-9760-c995f7e51f55] additional details: passcode in password is provided, passcode is not provided, private key is provided, application: undefined, client name: snowflake-sdk, client version: 1.15.0, retry timeout: 300, private key path: undefined, private key pass is not provided, client store temporary credential: false, browser response timeout: 120000"}
{"level":"INFO","message":"[4:05:26.975 PM]: Connection[id: 572ef9e9-ffb1-44fa-9760-c995f7e51f55] - connection object created successfully."}
{"level":"INFO","message":"[4:05:26.976 PM]: Connection[id: 572ef9e9-ffb1-44fa-9760-c995f7e51f55] - connecting. Associated Snowflake domain: GLOBAL"}
{"level":"INFO","message":"[4:05:26.985 PM]: Connection[id: 572ef9e9-ffb1-44fa-9760-c995f7e51f55] - authentication successful using: SNOWFLAKE_JWT"}
{"level":"INFO","message":"[4:05:26.985 PM]: Trying to initialize Easy Logging"}
{"level":"INFO","message":"[4:05:26.989 PM]: No client config detected."}
{"level":"INFO","message":"[4:05:26.990 PM]: No config file path found. Client config will not be used."}
{"level":"INFO","message":"[4:05:26.990 PM]: Easy Logging is disabled as no config has been found"}
{"level":"INFO","message":"[4:05:26.995 PM]: Connection[id: 572ef9e9-ffb1-44fa-9760-c995f7e51f55] - connected successfully after 18.753499999991618 milliseconds"}
{"level":"INFO","message":"[4:11:51.078 PM]: Creating new connection object"}
{"level":"INFO","message":"[4:11:52.505 PM]: Creating Connection[id: f06ee7d8-76b5-4a7f-b470-0e3e8f71621f] with host: NEXON-DS.snowflakecomputing.com, account: NEXON-DS, accessUrl: https://NEXON-DS.snowflakecomputing.com, user: SWYANG@NEXON.CO.KR, password is not provided, role: EXPERT_USER, database: NXLOG, schema: PUBLIC, warehouse: DEFAULT_WAREHOUSE, region: undefined, authenticator: SNOWFLAKE_JWT, ocsp mode: FAIL_OPEN, os: darwin, os version: 22.1.0"}
{"level":"INFO","message":"[4:11:52.506 PM]: Connection[id: f06ee7d8-76b5-4a7f-b470-0e3e8f71621f] additional details: passcode in password is provided, passcode is not provided, private key is provided, application: undefined, client name: snowflake-sdk, client version: 1.15.0, retry timeout: 300, private key path: undefined, private key pass is not provided, client store temporary credential: false, browser response timeout: 120000"}
{"level":"INFO","message":"[4:11:52.506 PM]: Connection[id: f06ee7d8-76b5-4a7f-b470-0e3e8f71621f] - connection object created successfully."}
{"level":"INFO","message":"[4:11:52.506 PM]: Connection[id: f06ee7d8-76b5-4a7f-b470-0e3e8f71621f] - connecting. Associated Snowflake domain: GLOBAL"}
{"level":"INFO","message":"[4:11:52.512 PM]: Connection[id: f06ee7d8-76b5-4a7f-b470-0e3e8f71621f] - authentication successful using: SNOWFLAKE_JWT"}
{"level":"INFO","message":"[4:11:52.512 PM]: Trying to initialize Easy Logging"}
{"level":"INFO","message":"[4:11:52.515 PM]: No client config detected."}
{"level":"INFO","message":"[4:11:52.516 PM]: No config file path found. Client config will not be used."}
{"level":"INFO","message":"[4:11:52.516 PM]: Easy Logging is disabled as no config has been found"}
{"level":"INFO","message":"[4:11:52.519 PM]: Connection[id: f06ee7d8-76b5-4a7f-b470-0e3e8f71621f] - connected successfully after 12.908190999994986 milliseconds"}
{"level":"INFO","message":"[4:22:52.551 PM]: Creating new connection object"}
{"level":"INFO","message":"[4:22:53.463 PM]: Creating Connection[id: 9c6cc27f-8a3a-40a1-bf16-064a81abb1c9] with host: NEXON-DS.snowflakecomputing.com, account: NEXON-DS, accessUrl: https://NEXON-DS.snowflakecomputing.com, user: SWYANG@NEXON.CO.KR, password is not provided, role: EXPERT_USER, database: NXLOG, schema: PUBLIC, warehouse: DEFAULT_WAREHOUSE, region: undefined, authenticator: SNOWFLAKE_JWT, ocsp mode: FAIL_OPEN, os: darwin, os version: 22.1.0"}
{"level":"INFO","message":"[4:22:53.463 PM]: Connection[id: 9c6cc27f-8a3a-40a1-bf16-064a81abb1c9] additional details: passcode in password is provided, passcode is not provided, private key is provided, application: undefined, client name: snowflake-sdk, client version: 1.15.0, retry timeout: 300, private key path: undefined, private key pass is not provided, client store temporary credential: false, browser response timeout: 120000"}
{"level":"INFO","message":"[4:22:53.464 PM]: Connection[id: 9c6cc27f-8a3a-40a1-bf16-064a81abb1c9] - connection object created successfully."}
{"level":"INFO","message":"[4:22:53.464 PM]: Connection[id: 9c6cc27f-8a3a-40a1-bf16-064a81abb1c9] - connecting. Associated Snowflake domain: GLOBAL"}
{"level":"INFO","message":"[4:22:53.469 PM]: Connection[id: 9c6cc27f-8a3a-40a1-bf16-064a81abb1c9] - authentication successful using: SNOWFLAKE_JWT"}
{"level":"INFO","message":"[4:22:53.469 PM]: Trying to initialize Easy Logging"}
{"level":"INFO","message":"[4:22:53.472 PM]: No client config detected."}
{"level":"INFO","message":"[4:22:53.472 PM]: No config file path found. Client config will not be used."}
{"level":"INFO","message":"[4:22:53.472 PM]: Easy Logging is disabled as no config has been found"}
{"level":"INFO","message":"[4:22:53.475 PM]: Connection[id: 9c6cc27f-8a3a-40a1-bf16-064a81abb1c9] - connected successfully after 10.542716000003566 milliseconds"}
{"level":"INFO","message":"[4:32:14.990 PM]: Creating new connection object"}
{"level":"INFO","message":"[4:32:16.263 PM]: Creating Connection[id: 601d2f2f-1405-41ca-bb57-f1592c59f910] with host: NEXON-DS.snowflakecomputing.com, account: NEXON-DS, accessUrl: https://NEXON-DS.snowflakecomputing.com, user: SWYANG@NEXON.CO.KR, password is not provided, role: EXPERT_USER, database: NXLOG, schema: PUBLIC, warehouse: DEFAULT_WAREHOUSE, region: undefined, authenticator: SNOWFLAKE_JWT, ocsp mode: FAIL_OPEN, os: darwin, os version: 22.1.0"}
{"level":"INFO","message":"[4:32:16.264 PM]: Connection[id: 601d2f2f-1405-41ca-bb57-f1592c59f910] additional details: passcode in password is provided, passcode is not provided, private key is provided, application: undefined, client name: snowflake-sdk, client version: 1.15.0, retry timeout: 300, private key path: undefined, private key pass is not provided, client store temporary credential: false, browser response timeout: 120000"}
{"level":"INFO","message":"[4:32:16.264 PM]: Connection[id: 601d2f2f-1405-41ca-bb57-f1592c59f910] - connection object created successfully."}
{"level":"INFO","message":"[4:32:16.265 PM]: Connection[id: 601d2f2f-1405-41ca-bb57-f1592c59f910] - connecting. Associated Snowflake domain: GLOBAL"}
{"level":"INFO","message":"[4:32:16.273 PM]: Connection[id: 601d2f2f-1405-41ca-bb57-f1592c59f910] - authentication successful using: SNOWFLAKE_JWT"}
{"level":"INFO","message":"[4:32:16.273 PM]: Trying to initialize Easy Logging"}
{"level":"INFO","message":"[4:32:16.277 PM]: No client config detected."}
{"level":"INFO","message":"[4:32:16.278 PM]: No config file path found. Client config will not be used."}
{"level":"INFO","message":"[4:32:16.278 PM]: Easy Logging is disabled as no config has been found"}
{"level":"INFO","message":"[4:32:16.282 PM]: Connection[id: 601d2f2f-1405-41ca-bb57-f1592c59f910] - connected successfully after 16.951437999996415 milliseconds"}
{"level":"INFO","message":"[4:44:55.539 PM]: Creating new connection object"}
{"level":"INFO","message":"[4:44:56.763 PM]: Creating Connection[id: 7addb929-63fa-4eef-9a02-bf9943bd4651] with host: NEXON-DS.snowflakecomputing.com, account: NEXON-DS, accessUrl: https://NEXON-DS.snowflakecomputing.com, user: SWYANG@NEXON.CO.KR, password is not provided, role: EXPERT_USER, database: NXLOG, schema: PUBLIC, warehouse: DEFAULT_WAREHOUSE, region: undefined, authenticator: SNOWFLAKE_JWT, ocsp mode: FAIL_OPEN, os: darwin, os version: 22.1.0"}
{"level":"INFO","message":"[4:44:56.764 PM]: Connection[id: 7addb929-63fa-4eef-9a02-bf9943bd4651] additional details: passcode in password is provided, passcode is not provided, private key is provided, application: undefined, client name: snowflake-sdk, client version: 1.15.0, retry timeout: 300, private key path: undefined, private key pass is not provided, client store temporary credential: false, browser response timeout: 120000"}
{"level":"INFO","message":"[4:44:56.764 PM]: Connection[id: 7addb929-63fa-4eef-9a02-bf9943bd4651] - connection object created successfully."}
{"level":"INFO","message":"[4:44:56.765 PM]: Connection[id: 7addb929-63fa-4eef-9a02-bf9943bd4651] - connecting. Associated Snowflake domain: GLOBAL"}
{"level":"INFO","message":"[4:44:56.770 PM]: Connection[id: 7addb929-63fa-4eef-9a02-bf9943bd4651] - authentication successful using: SNOWFLAKE_JWT"}
{"level":"INFO","message":"[4:44:56.770 PM]: Trying to initialize Easy Logging"}
{"level":"INFO","message":"[4:44:56.773 PM]: No client config detected."}
{"level":"INFO","message":"[4:44:56.774 PM]: No config file path found. Client config will not be used."}
{"level":"INFO","message":"[4:44:56.774 PM]: Easy Logging is disabled as no config has been found"}
{"level":"INFO","message":"[4:44:56.777 PM]: Connection[id: 7addb929-63fa-4eef-9a02-bf9943bd4651] - connected successfully after 12.197723000019323 milliseconds"}
